<?xml version="1.0" encoding="UTF-8"?>
<!-- Generated by org.testng.reporters.JUnitReportReporter -->
<testsuite skipped="3" hostname="DESKTOP-1BDQC6B" name="testcases.FindNewCarTest" tests="4" failures="0" timestamp="29 Nov 2020 15:53:22 GMT" time="13.537" errors="0">
  <testcase name="findCarTest" time="0.815" classname="testcases.FindNewCarTest">
    <skipped/>
  </testcase> <!-- findCarTest -->
  <testcase name="findCarTest" time="12.718" classname="testcases.FindNewCarTest"/>
  <testcase name="findCarTest" time="0.003" classname="testcases.FindNewCarTest">
    <skipped/>
  </testcase> <!-- findCarTest -->
  <testcase name="findCarTest" time="0.001" classname="testcases.FindNewCarTest">
    <skipped/>
  </testcase> <!-- findCarTest -->
</testsuite> <!-- testcases.FindNewCarTest -->
