<?xml version="1.0" encoding="UTF-8"?>
<!-- Generated by org.testng.reporters.JUnitReportReporter -->
<testsuite skipped="0" hostname="DESKTOP-1BDQC6B" name="testcases.CarNameAndPriceTest" tests="4" failures="0" timestamp="29 Nov 2020 15:53:22 GMT" time="58.075" errors="0">
  <testcase name="carNameandPriceTest" time="15.027" classname="testcases.CarNameAndPriceTest"/>
  <testcase name="carNameandPriceTest" time="13.192" classname="testcases.CarNameAndPriceTest"/>
  <testcase name="carNameandPriceTest" time="15.442" classname="testcases.CarNameAndPriceTest"/>
  <testcase name="carNameandPriceTest" time="14.414" classname="testcases.CarNameAndPriceTest"/>
</testsuite> <!-- testcases.CarNameAndPriceTest -->
