<?xml version="1.0" encoding="UTF-8"?>
<!-- Generated by org.testng.reporters.JUnitReportReporter -->
<testsuite skipped="0" hostname="DESKTOP-1BDQC6B" name="testnglearning.TestCase1" tests="2" failures="0" timestamp="15 Nov 2020 16:31:06 GMT" time="0.028" errors="0">
  <testcase name="registerUser" time="0.024" classname="testnglearning.TestCase1"/>
  <testcase name="doLogin" time="0.004" classname="testnglearning.TestCase1"/>
</testsuite> <!-- testnglearning.TestCase1 -->
