<?xml version="1.0" encoding="UTF-8"?>
<!-- Generated by org.testng.reporters.JUnitReportReporter -->
<testsuite skipped="0" hostname="DESKTOP-1BDQC6B" name="testnglearning.TestParameters" tests="2" failures="0" timestamp="21 Nov 2020 15:59:56 GMT" time="4.042" errors="0">
  <testcase name="doLogin" time="2.021" classname="testnglearning.TestParameters"/>
  <testcase name="doLogin" time="2.021" classname="testnglearning.TestParameters"/>
</testsuite> <!-- testnglearning.TestParameters -->
