<?xml version="1.0" encoding="UTF-8"?>
<!-- Generated by org.testng.reporters.JUnitReportReporter -->
<testsuite skipped="0" hostname="DESKTOP-1BDQC6B" name="testnglearning.TestParameterization" tests="4" failures="0" timestamp="21 Nov 2020 15:47:01 GMT" time="6.086" errors="0">
  <testcase name="doLogin" time="0.915" classname="testnglearning.TestParameterization"/>
  <testcase name="doLogin" time="0.971" classname="testnglearning.TestParameterization"/>
  <testcase name="doLogin" time="3.122" classname="testnglearning.TestParameterization"/>
  <testcase name="doLogin" time="1.078" classname="testnglearning.TestParameterization"/>
</testsuite> <!-- testnglearning.TestParameterization -->
