<?xml version="1.0" encoding="UTF-8"?>
<!-- Generated by org.testng.reporters.JUnitReportReporter -->
<testsuite skipped="0" hostname="DESKTOP-1BDQC6B" name="testcases.AddCustomerTest" tests="1" failures="0" timestamp="22 Nov 2020 16:29:13 GMT" time="0.899" errors="0">
  <testcase name="addCustomerTest" time="0.899" classname="testcases.AddCustomerTest"/>
</testsuite> <!-- testcases.AddCustomerTest -->
