<?xml version="1.0" encoding="UTF-8"?>
<!-- Generated by org.testng.reporters.JUnitReportReporter -->
<testsuite skipped="0" hostname="DESKTOP-1BDQC6B" name="testcases.BankManagerLoginTest" tests="1" failures="0" timestamp="22 Nov 2020 16:29:13 GMT" time="0.532" errors="0">
  <testcase name="loginAsBankManager" time="0.532" classname="testcases.BankManagerLoginTest"/>
</testsuite> <!-- testcases.BankManagerLoginTest -->
